LIRI says 'Okay, I will spotify-this-song

==============================
Searching Spotify for 
an error occured
LIRI says 'Okay, I will spotify-this-song

==============================
Searching Spotify for 
==============================
Sign of the Times is on the album Harry Styles
featuring: 
     Harry Styles
You can hear this song here: https://open.spotify.com/track/5Ohxk2dO5COHF1krpoPigN
LIRI says 'Okay, I will spotify-this-song

==============================
Searching Spotify for 
==============================
Sign of the Times is on the album Harry Styles
featuring: 
     Harry Styles
You can hear this song here: https://open.spotify.com/track/5Ohxk2dO5COHF1krpoPigN
LIRI says 'Okay, I will movie-this

==============================
Searching OMDB for 
LIRI says 'Okay, I will movie-this

==============================
Searching OMDB for 
==============================
Mr. Nobody
A boy stands on a station platform as a train is about to leave. Should he go with his mother or stay with his father? Infinite possibilities arise from this decision. As long as he doesn't choose, anything is possible.
starring: 
     Jared Leto
     Sarah Polley
     Diane Kruger
     Linh Dan Pham
rating: 
     Internet Movie Database: 7.9/10
     Rotten Tomatoes: 67%
     Metacritic: 63/100
released in: Belgium, Germany, Canada, France, USA, UK in 2009
English, Mohawk
LIRI says 'Okay, I will concert-this

==============================
Searching Bands In Town for undefined
2018-10-08T20:00:00 in Neu-Ulm, Germany  at ratiopharm arena
2018-10-11T19:00:00 in Plymouth, United Kingdom  at Plymouth Pavilions
2018-10-12T19:00:00 in Nottingham, United Kingdom  at Motorpoint Arena Nottingham
2018-10-13T19:00:00 in Bournemouth, United Kingdom  at Bournemouth International Centre
2018-10-26T20:00:00 in Buffalo, United States  at Shea's Performing Arts Center
2018-10-27T20:00:00 in Buffalo, United States  at Shea's Performing Arts Center
2018-10-29T20:00:00 in Québec, Canada  at GRAND THÉÂTRE DE QUÉBEC
2018-10-31T20:00:00 in Ottawa, Canada  at Canadian Tire Centre
2018-11-02T20:00:00 in Toronto, Canada  at Sony Centre for the Performing Arts
2018-11-03T20:00:00 in Toronto, Canada  at Sony Centre for the Performing Arts
2018-11-04T20:00:00 in London, Canada  at Budweiser Gardens
2018-11-06T20:00:00 in Fort Wayne, United States  at Embassy Theatre
2018-11-07T20:00:00 in Columbus, United States  at Palace Theatre Columbus
2018-11-09T20:00:00 in Indianapolis, United States  at Murat Theatre at Old National Centre
2018-11-10T20:00:00 in St. Louis, United States  at Stifel Theatre
2018-11-12T20:00:00 in Cincinnati, United States  at Taft Theatre
2018-11-13T20:00:00 in Louisville, United States  at The Louisville Palace presented by Cricket Wireless
2018-11-14T20:00:00 in Memphis, United States  at The Orpheum Theatre Memphis
2018-11-16T20:00:00 in Tulsa, United States  at Brady Theater
2018-11-17T20:00:00 in Grand Prairie, United States  at Verizon Theatre at Grand Prairie
2018-11-20T20:00:00 in Tucson, United States  at Tucson Music Hall
2018-11-21T19:00:00 in Riverside, United States  at Fox Performing Arts Center
2018-11-23T20:00:00 in Long Beach, United States  at Terrace Theater
2018-11-24T20:00:00 in Reno, United States  at Reno Events Center
2018-11-25T20:00:00 in Stockton, United States  at Bob Hope Theatre
2018-11-27T20:00:00 in Portland, United States  at Arlene Schnitzer Concert Hall
2018-11-29T20:00:00 in Vancouver, Canada  at Queen Elizabeth Theatre
2018-11-30T20:00:00 in Vancouver, Canada  at Queen Elizabeth Theatre
2018-12-01T20:00:00 in Vancouver, Canada  at Queen Elizabeth Theatre
2019-02-15T20:00:00 in Ft Lauderdale, United States  at Au-Rene Theater at the Broward Center
2019-02-16T20:00:00 in Ft Lauderdale, United States  at Au-Rene Theater at the Broward Center
2019-02-17T20:00:00 in Ft Lauderdale, United States  at Au-Rene Theater at the Broward Center
2019-02-19T19:00:00 in Estero, United States  at Germain Arena
2019-02-22T03:30:00 in Orlando, United States  at Dr. Phillips Center
2019-02-23T03:30:00 in Orlando, United States  at Dr. Phillips Center
2019-03-02T20:00:00 in Pooler, United States  at Johnny Mercer Theatre
2019-03-04T20:00:00 in Charleston, United States  at Gaillard Auditorium
2019-03-05T20:00:00 in Knoxville, United States  at Knoxville Civic Auditorium
2019-03-07T20:00:00 in Davenport, United States  at Adler Theatre
2019-03-08T20:00:00 in Chicago, United States  at The Chicago Theatre
2019-03-09T20:00:00 in Chicago, United States  at The Chicago Theatre
2019-03-11T20:00:00 in Wilkes-Barre, United States  at F.M. Kirby Center
2019-03-12T20:00:00 in Hershey, United States  at Hershey Theatre
2019-03-14T20:00:00 in New Brunswick, United States  at State Theatre
2019-03-15T20:00:00 in Baltimore, United States  at The Modell Lyric
2019-03-16T20:00:00 in Pittsburgh, United States  at Benedum Center
2019-03-18T20:00:00 in Durham, United States  at DPAC
2019-03-19T20:00:00 in Richmond, United States  at Altria Theater
2019-03-21T20:00:00 in Hartford, United States  at Bushnell Theatre/ Mortensen Hall
2019-03-22T20:00:00 in Westbury, United States  at NYCB Theatre at Westbury
2019-03-23T20:00:00 in Westbury, United States  at NYCB Theatre at Westbury
2019-04-22T19:00:00 in Glasgow, United Kingdom  at SEC Armadillo
2019-04-24T19:00:00 in London, United Kingdom  at Royal Albert Hall
2019-04-25T19:00:00 in London, United Kingdom  at Royal Albert Hall
2019-04-26T19:00:00 in London, United Kingdom  at Royal Albert Hall
2019-05-12T20:00:00 in Hamburg, Germany  at O2 World, Hamburg
2019-05-14T20:00:00 in Dusseldorf, Germany  at Mitsubishi Electric Halle
2019-05-15T20:00:00 in Baden-Baden, Germany  at Festspielhaus Baden-Baden
2019-05-17T20:00:00 in Münster, Germany  at Messe+Congress Centrum Halle Münsterland
2019-05-18T20:00:00 in Stuttgart, Germany  at Porsche Arena
2019-05-20T20:00:00 in München, Germany  at Olympiahalle München
LIRI says 'Okay, I will concert-this

==============================
LIRI
==============================


Searching Bands In Town for function (searchTerms = "Joe Bonamassa")
{   // Search Bands In Town for concert information for the indicated band / artist

    log.output ("\nSearching Bands In Town for " + search);
        
    bandsintown
    .getArtistEventList(searchTerms)
    .then(function(events)
    {   // events is an array of objects...build an output string with the information we want

        if (events.upcoming_event_count === 0)
        {   log.output ("There are no upcoming concert dates for this artist");
        }
        else
        {
            events.forEach (function (event)
            {   log.output (formatEvent(event));
            });
        }
    })
    .catch (function (error)
    {   console.log ("error: ", error);
    });
}
2018-10-08T20:00:00 in Neu-Ulm, Germany  at ratiopharm arena
2018-10-11T19:00:00 in Plymouth, United Kingdom  at Plymouth Pavilions
2018-10-12T19:00:00 in Nottingham, United Kingdom  at Motorpoint Arena Nottingham
2018-10-13T19:00:00 in Bournemouth, United Kingdom  at Bournemouth International Centre
2018-10-26T20:00:00 in Buffalo, United States  at Shea's Performing Arts Center
2018-10-27T20:00:00 in Buffalo, United States  at Shea's Performing Arts Center
2018-10-29T20:00:00 in Québec, Canada  at GRAND THÉÂTRE DE QUÉBEC
2018-10-31T20:00:00 in Ottawa, Canada  at Canadian Tire Centre
2018-11-02T20:00:00 in Toronto, Canada  at Sony Centre for the Performing Arts
2018-11-03T20:00:00 in Toronto, Canada  at Sony Centre for the Performing Arts
2018-11-04T20:00:00 in London, Canada  at Budweiser Gardens
2018-11-06T20:00:00 in Fort Wayne, United States  at Embassy Theatre
2018-11-07T20:00:00 in Columbus, United States  at Palace Theatre Columbus
2018-11-09T20:00:00 in Indianapolis, United States  at Murat Theatre at Old National Centre
2018-11-10T20:00:00 in St. Louis, United States  at Stifel Theatre
2018-11-12T20:00:00 in Cincinnati, United States  at Taft Theatre
2018-11-13T20:00:00 in Louisville, United States  at The Louisville Palace presented by Cricket Wireless
2018-11-14T20:00:00 in Memphis, United States  at The Orpheum Theatre Memphis
2018-11-16T20:00:00 in Tulsa, United States  at Brady Theater
2018-11-17T20:00:00 in Grand Prairie, United States  at Verizon Theatre at Grand Prairie
2018-11-20T20:00:00 in Tucson, United States  at Tucson Music Hall
2018-11-21T19:00:00 in Riverside, United States  at Fox Performing Arts Center
2018-11-23T20:00:00 in Long Beach, United States  at Terrace Theater
2018-11-24T20:00:00 in Reno, United States  at Reno Events Center
2018-11-25T20:00:00 in Stockton, United States  at Bob Hope Theatre
2018-11-27T20:00:00 in Portland, United States  at Arlene Schnitzer Concert Hall
2018-11-29T20:00:00 in Vancouver, Canada  at Queen Elizabeth Theatre
2018-11-30T20:00:00 in Vancouver, Canada  at Queen Elizabeth Theatre
2018-12-01T20:00:00 in Vancouver, Canada  at Queen Elizabeth Theatre
2019-02-15T20:00:00 in Ft Lauderdale, United States  at Au-Rene Theater at the Broward Center
2019-02-16T20:00:00 in Ft Lauderdale, United States  at Au-Rene Theater at the Broward Center
2019-02-17T20:00:00 in Ft Lauderdale, United States  at Au-Rene Theater at the Broward Center
2019-02-19T19:00:00 in Estero, United States  at Germain Arena
2019-02-22T03:30:00 in Orlando, United States  at Dr. Phillips Center
2019-02-23T03:30:00 in Orlando, United States  at Dr. Phillips Center
2019-03-02T20:00:00 in Pooler, United States  at Johnny Mercer Theatre
2019-03-04T20:00:00 in Charleston, United States  at Gaillard Auditorium
2019-03-05T20:00:00 in Knoxville, United States  at Knoxville Civic Auditorium
2019-03-07T20:00:00 in Davenport, United States  at Adler Theatre
2019-03-08T20:00:00 in Chicago, United States  at The Chicago Theatre
2019-03-09T20:00:00 in Chicago, United States  at The Chicago Theatre
2019-03-11T20:00:00 in Wilkes-Barre, United States  at F.M. Kirby Center
2019-03-12T20:00:00 in Hershey, United States  at Hershey Theatre
2019-03-14T20:00:00 in New Brunswick, United States  at State Theatre
2019-03-15T20:00:00 in Baltimore, United States  at The Modell Lyric
2019-03-16T20:00:00 in Pittsburgh, United States  at Benedum Center
2019-03-18T20:00:00 in Durham, United States  at DPAC
2019-03-19T20:00:00 in Richmond, United States  at Altria Theater
2019-03-21T20:00:00 in Hartford, United States  at Bushnell Theatre/ Mortensen Hall
2019-03-22T20:00:00 in Westbury, United States  at NYCB Theatre at Westbury
2019-03-23T20:00:00 in Westbury, United States  at NYCB Theatre at Westbury
2019-04-22T19:00:00 in Glasgow, United Kingdom  at SEC Armadillo
2019-04-24T19:00:00 in London, United Kingdom  at Royal Albert Hall
2019-04-25T19:00:00 in London, United Kingdom  at Royal Albert Hall
2019-04-26T19:00:00 in London, United Kingdom  at Royal Albert Hall
2019-05-12T20:00:00 in Hamburg, Germany  at O2 World, Hamburg
2019-05-14T20:00:00 in Dusseldorf, Germany  at Mitsubishi Electric Halle
2019-05-15T20:00:00 in Baden-Baden, Germany  at Festspielhaus Baden-Baden
2019-05-17T20:00:00 in Münster, Germany  at Messe+Congress Centrum Halle Münsterland
2019-05-18T20:00:00 in Stuttgart, Germany  at Porsche Arena
2019-05-20T20:00:00 in München, Germany  at Olympiahalle München
LIRI says 'Okay, I will concert-this

==============================
LIRI
==============================


Searching Bands In Town for Joe Bonamassa
2018-10-08T20:00:00 in Neu-Ulm, Germany  at ratiopharm arena
2018-10-11T19:00:00 in Plymouth, United Kingdom  at Plymouth Pavilions
2018-10-12T19:00:00 in Nottingham, United Kingdom  at Motorpoint Arena Nottingham
2018-10-13T19:00:00 in Bournemouth, United Kingdom  at Bournemouth International Centre
2018-10-26T20:00:00 in Buffalo, United States  at Shea's Performing Arts Center
2018-10-27T20:00:00 in Buffalo, United States  at Shea's Performing Arts Center
2018-10-29T20:00:00 in Québec, Canada  at GRAND THÉÂTRE DE QUÉBEC
2018-10-31T20:00:00 in Ottawa, Canada  at Canadian Tire Centre
2018-11-02T20:00:00 in Toronto, Canada  at Sony Centre for the Performing Arts
2018-11-03T20:00:00 in Toronto, Canada  at Sony Centre for the Performing Arts
2018-11-04T20:00:00 in London, Canada  at Budweiser Gardens
2018-11-06T20:00:00 in Fort Wayne, United States  at Embassy Theatre
2018-11-07T20:00:00 in Columbus, United States  at Palace Theatre Columbus
2018-11-09T20:00:00 in Indianapolis, United States  at Murat Theatre at Old National Centre
2018-11-10T20:00:00 in St. Louis, United States  at Stifel Theatre
2018-11-12T20:00:00 in Cincinnati, United States  at Taft Theatre
2018-11-13T20:00:00 in Louisville, United States  at The Louisville Palace presented by Cricket Wireless
2018-11-14T20:00:00 in Memphis, United States  at The Orpheum Theatre Memphis
2018-11-16T20:00:00 in Tulsa, United States  at Brady Theater
2018-11-17T20:00:00 in Grand Prairie, United States  at Verizon Theatre at Grand Prairie
2018-11-20T20:00:00 in Tucson, United States  at Tucson Music Hall
2018-11-21T19:00:00 in Riverside, United States  at Fox Performing Arts Center
2018-11-23T20:00:00 in Long Beach, United States  at Terrace Theater
2018-11-24T20:00:00 in Reno, United States  at Reno Events Center
2018-11-25T20:00:00 in Stockton, United States  at Bob Hope Theatre
2018-11-27T20:00:00 in Portland, United States  at Arlene Schnitzer Concert Hall
2018-11-29T20:00:00 in Vancouver, Canada  at Queen Elizabeth Theatre
2018-11-30T20:00:00 in Vancouver, Canada  at Queen Elizabeth Theatre
2018-12-01T20:00:00 in Vancouver, Canada  at Queen Elizabeth Theatre
2019-02-15T20:00:00 in Ft Lauderdale, United States  at Au-Rene Theater at the Broward Center
2019-02-16T20:00:00 in Ft Lauderdale, United States  at Au-Rene Theater at the Broward Center
2019-02-17T20:00:00 in Ft Lauderdale, United States  at Au-Rene Theater at the Broward Center
2019-02-19T19:00:00 in Estero, United States  at Germain Arena
2019-02-22T03:30:00 in Orlando, United States  at Dr. Phillips Center
2019-02-23T03:30:00 in Orlando, United States  at Dr. Phillips Center
2019-03-02T20:00:00 in Pooler, United States  at Johnny Mercer Theatre
2019-03-04T20:00:00 in Charleston, United States  at Gaillard Auditorium
2019-03-05T20:00:00 in Knoxville, United States  at Knoxville Civic Auditorium
2019-03-07T20:00:00 in Davenport, United States  at Adler Theatre
2019-03-08T20:00:00 in Chicago, United States  at The Chicago Theatre
2019-03-09T20:00:00 in Chicago, United States  at The Chicago Theatre
2019-03-11T20:00:00 in Wilkes-Barre, United States  at F.M. Kirby Center
2019-03-12T20:00:00 in Hershey, United States  at Hershey Theatre
2019-03-14T20:00:00 in New Brunswick, United States  at State Theatre
2019-03-15T20:00:00 in Baltimore, United States  at The Modell Lyric
2019-03-16T20:00:00 in Pittsburgh, United States  at Benedum Center
2019-03-18T20:00:00 in Durham, United States  at DPAC
2019-03-19T20:00:00 in Richmond, United States  at Altria Theater
2019-03-21T20:00:00 in Hartford, United States  at Bushnell Theatre/ Mortensen Hall
2019-03-22T20:00:00 in Westbury, United States  at NYCB Theatre at Westbury
2019-03-23T20:00:00 in Westbury, United States  at NYCB Theatre at Westbury
2019-04-22T19:00:00 in Glasgow, United Kingdom  at SEC Armadillo
2019-04-24T19:00:00 in London, United Kingdom  at Royal Albert Hall
2019-04-25T19:00:00 in London, United Kingdom  at Royal Albert Hall
2019-04-26T19:00:00 in London, United Kingdom  at Royal Albert Hall
2019-05-12T20:00:00 in Hamburg, Germany  at O2 World, Hamburg
2019-05-14T20:00:00 in Dusseldorf, Germany  at Mitsubishi Electric Halle
2019-05-15T20:00:00 in Baden-Baden, Germany  at Festspielhaus Baden-Baden
2019-05-17T20:00:00 in Münster, Germany  at Messe+Congress Centrum Halle Münsterland
2019-05-18T20:00:00 in Stuttgart, Germany  at Porsche Arena
2019-05-20T20:00:00 in München, Germany  at Olympiahalle München
LIRI says 'Okay, I will movie-this

==============================
LIRI
==============================

LIRI says 'Okay, I will movie-this

==============================
LIRI
==============================

Searching OMDB for Mr. Nobody
==============================
Mr. Nobody
A boy stands on a station platform as a train is about to leave. Should he go with his mother or stay with his father? Infinite possibilities arise from this decision. As long as he doesn't choose, anything is possible.
starring: 
     Jared Leto
     Sarah Polley
     Diane Kruger
     Linh Dan Pham
rating: 
     Internet Movie Database: 7.9/10
     Rotten Tomatoes: 67%
     Metacritic: 63/100
released in: Belgium, Germany, Canada, France, USA, UK in 2009
English, Mohawk
LIRI says 'Okay, I will movie-this

==============================
LIRI
==============================
Searching OMDB for harold and
==============================
Harold and Maude
Young, rich, and obsessed with death, Harold finds himself changed forever when he meets lively septuagenarian Maude at a funeral.
starring: 
     Ruth Gordon
     Bud Cort
     Vivian Pickles
     Cyril Cusack
rating: 
     Internet Movie Database: 8.0/10
     Rotten Tomatoes: 86%
released in: USA in 1971
English
LIRI says 'Okay, I will movie-this

==============================
LIRI
==============================
Searching OMDB for dark star
==============================
Dark Star
In the far reaches of space, a small crew, 20 years into their solitary mission, find things beginning to go hilariously wrong.
starring: 
     Brian Narelle
     Cal Kuniholm
     Dre Pahich
     Dan O'Bannon
rating: 
     Internet Movie Database: 6.4/10
     Rotten Tomatoes: 79%
     Metacritic: 66/100
released in: USA in 1974
English
LIRI says 'Okay, I will movie-this

==============================
LIRI
==============================
Searching OMDB for caddy shack
==============================
Caddy Shack Up
When they decide to close for inventory, employees of a country clue turn to sex to escape boredom.
starring: 
     Krista Lane
     Tanya Foxx
     Lorrie Lovett
     Purple Passion
rating: 
released in: USA in 1986
English
LIRI says 'Okay, I will movie-this

==============================
LIRI
==============================
Searching OMDB for ghostbusters
==============================
Ghostbusters
Three former parapsychology professors set up shop as a unique ghost removal service.
starring: 
     Bill Murray
     Dan Aykroyd
     Sigourney Weaver
     Harold Ramis
rating: 
     Internet Movie Database: 7.8/10
     Rotten Tomatoes: 97%
     Metacritic: 71/100
released in: USA in 1984
English

==============================
LIRI
==============================
Searching OMDB for Caddy Shack
==============================
Caddy Shack Up
When they decide to close for inventory, employees of a country clue turn to sex to escape boredom.
starring: 
     Krista Lane
     Tanya Foxx
     Lorrie Lovett
     Purple Passion
rating: 
released in: USA in 1986
English

==============================
LIRI
==============================
Searching Spotify for Paranoid
==============================
Paranoid is on the album beerbongs & bentleys
featuring: 
     Post Malone
You can hear this song here: https://open.spotify.com/track/3fpVWegR6YOS1Yk5HSMYIq

==============================
LIRI
==============================
Searching OMDB for Caddy Shack
==============================
Caddy Shack Up
When they decide to close for inventory, employees of a country clue turn to sex to escape boredom.
starring: 
     Krista Lane
     Tanya Foxx
     Lorrie Lovett
     Purple Passion
rating: 
released in: USA in 1986
English

==============================
LIRI
==============================
Searching OMDB for Dark Star
==============================
Dark Star
In the far reaches of space, a small crew, 20 years into their solitary mission, find things beginning to go hilariously wrong.
starring: 
     Brian Narelle
     Cal Kuniholm
     Dre Pahich
     Dan O'Bannon
rating: 
     Internet Movie Database: 6.4/10
     Rotten Tomatoes: 79%
     Metacritic: 66/100
released in: USA in 1974
English

==============================
LIRI
==============================
Searching OMDB for Caddy Shack
==============================
Caddy Shack Up
When they decide to close for inventory, employees of a country clue turn to sex to escape boredom.
starring: 
     Krista Lane
     Tanya Foxx
     Lorrie Lovett
     Purple Passion
rating: 
released in: USA in 1986
English

==============================
LIRI
==============================
Searching Bands In Town for Brooks and Dunn
2018-10-10T19:30:45 in Las Vegas, United States  at The Colosseum at Caesars Palace
2018-10-12T19:30:21 in Las Vegas, United States  at The Colosseum at Caesars Palace
2018-10-13T19:30:15 in Las Vegas, United States  at The Colosseum at Caesars Palace
2018-10-17T19:30:16 in Las Vegas, United States  at The Colosseum at Caesars Palace
2018-10-19T19:30:15 in Las Vegas, United States  at The Colosseum at Caesars Palace
2018-10-20T19:30:14 in Las Vegas, United States  at The Colosseum at Caesars Palace
2018-12-05T19:30:13 in Las Vegas, United States  at The Colosseum at Caesars Palace
2018-12-07T19:31:08 in Las Vegas, United States  at The Colosseum at Caesars Palace
2018-12-08T19:30:12 in Las Vegas, United States  at The Colosseum at Caesars Palace
2018-12-12T19:30:13 in Las Vegas, United States  at The Colosseum at Caesars Palace
2018-12-14T19:30:10 in Las Vegas, United States  at The Colosseum at Caesars Palace
2018-12-15T19:30:26 in Las Vegas, United States  at The Colosseum at Caesars Palace
LIRI says 'Okay, I will do-what-it-says

==============================
LIRI
==============================

==============================
LIRI
==============================
Searching OMDB for Caddy Shack
==============================
Caddy Shack Up
When they decide to close for inventory, employees of a country clue turn to sex to escape boredom.
starring: 
     Krista Lane
     Tanya Foxx
     Lorrie Lovett
     Purple Passion
rating: 
released in: USA in 1986
English
